

Started GET "/" for 127.0.0.1 at 2015-04-08 13:25:07 -0400

ActiveRecord::PendingMigrationError (

Migrations are pending. To resolve this issue, run:

	bin/rake db:migrate RAILS_ENV=development

):
  activerecord (4.1.4) lib/active_record/migration.rb:389:in `check_pending!'
  activerecord (4.1.4) lib/active_record/migration.rb:377:in `call'
  actionpack (4.1.4) lib/action_dispatch/middleware/callbacks.rb:29:in `block in call'
  activesupport (4.1.4) lib/active_support/callbacks.rb:82:in `run_callbacks'
  actionpack (4.1.4) lib/action_dispatch/middleware/callbacks.rb:27:in `call'
  actionpack (4.1.4) lib/action_dispatch/middleware/reloader.rb:73:in `call'
  actionpack (4.1.4) lib/action_dispatch/middleware/remote_ip.rb:76:in `call'
  actionpack (4.1.4) lib/action_dispatch/middleware/debug_exceptions.rb:17:in `call'
  actionpack (4.1.4) lib/action_dispatch/middleware/show_exceptions.rb:30:in `call'
  railties (4.1.4) lib/rails/rack/logger.rb:38:in `call_app'
  railties (4.1.4) lib/rails/rack/logger.rb:20:in `block in call'
  activesupport (4.1.4) lib/active_support/tagged_logging.rb:68:in `block in tagged'
  activesupport (4.1.4) lib/active_support/tagged_logging.rb:26:in `tagged'
  activesupport (4.1.4) lib/active_support/tagged_logging.rb:68:in `tagged'
  railties (4.1.4) lib/rails/rack/logger.rb:20:in `call'
  quiet_assets (1.1.0) lib/quiet_assets.rb:27:in `call_with_quiet_assets'
  actionpack (4.1.4) lib/action_dispatch/middleware/request_id.rb:21:in `call'
  rack (1.5.2) lib/rack/methodoverride.rb:21:in `call'
  rack (1.5.2) lib/rack/runtime.rb:17:in `call'
  activesupport (4.1.4) lib/active_support/cache/strategy/local_cache_middleware.rb:26:in `call'
  rack (1.5.2) lib/rack/lock.rb:17:in `call'
  actionpack (4.1.4) lib/action_dispatch/middleware/static.rb:64:in `call'
  rack (1.5.2) lib/rack/sendfile.rb:112:in `call'
  railties (4.1.4) lib/rails/engine.rb:514:in `call'
  railties (4.1.4) lib/rails/application.rb:144:in `call'
  rack (1.5.2) lib/rack/lock.rb:17:in `call'
  rack (1.5.2) lib/rack/content_length.rb:14:in `call'
  rack (1.5.2) lib/rack/handler/webrick.rb:60:in `service'
  /Users/christophercapasso/.rvm/rubies/ruby-2.1.2/lib/ruby/2.1.0/webrick/httpserver.rb:138:in `service'
  /Users/christophercapasso/.rvm/rubies/ruby-2.1.2/lib/ruby/2.1.0/webrick/httpserver.rb:94:in `run'
  /Users/christophercapasso/.rvm/rubies/ruby-2.1.2/lib/ruby/2.1.0/webrick/server.rb:295:in `block in start_thread'


  Rendered /Users/christophercapasso/.rvm/gems/ruby-2.1.2/gems/actionpack-4.1.4/lib/action_dispatch/middleware/templates/rescues/_source.erb (0.5ms)
  Rendered /Users/christophercapasso/.rvm/gems/ruby-2.1.2/gems/actionpack-4.1.4/lib/action_dispatch/middleware/templates/rescues/_trace.html.erb (1.3ms)
  Rendered /Users/christophercapasso/.rvm/gems/ruby-2.1.2/gems/actionpack-4.1.4/lib/action_dispatch/middleware/templates/rescues/_request_and_response.html.erb (1.0ms)
  Rendered /Users/christophercapasso/.rvm/gems/ruby-2.1.2/gems/actionpack-4.1.4/lib/action_dispatch/middleware/templates/rescues/diagnostics.erb within rescues/layout (18.2ms)
  [1m[36m (1.0ms)[0m  [1mCREATE TABLE "schema_migrations" ("version" varchar(255) NOT NULL) [0m
  [1m[35m (0.1ms)[0m  select sqlite_version(*)
  [1m[36m (0.8ms)[0m  [1mCREATE UNIQUE INDEX "unique_schema_migrations" ON "schema_migrations" ("version")[0m
  [1m[35mActiveRecord::SchemaMigration Load (0.1ms)[0m  SELECT "schema_migrations".* FROM "schema_migrations"
Migrating to AddDeviseToUsers (20150303193636)
  [1m[36m (0.1ms)[0m  [1mbegin transaction[0m
  [1m[35m (0.4ms)[0m  CREATE TABLE "users" ("id" INTEGER PRIMARY KEY AUTOINCREMENT NOT NULL, "email" varchar(255) DEFAULT '' NOT NULL, "encrypted_password" varchar(255) DEFAULT '' NOT NULL, "reset_password_token" varchar(255), "reset_password_sent_at" datetime, "remember_created_at" datetime, "sign_in_count" integer DEFAULT 0 NOT NULL, "current_sign_in_at" datetime, "last_sign_in_at" datetime, "current_sign_in_ip" varchar(255), "last_sign_in_ip" varchar(255)) 
  [1m[36m (1.0ms)[0m  [1mCREATE UNIQUE INDEX "index_users_on_email" ON "users" ("email")[0m
  [1m[35m (0.1ms)[0m              SELECT sql
            FROM sqlite_master
            WHERE name='index_users_on_email' AND type='index'
            UNION ALL
            SELECT sql
            FROM sqlite_temp_master
            WHERE name='index_users_on_email' AND type='index'

  [1m[36m (0.1ms)[0m  [1mCREATE UNIQUE INDEX "index_users_on_reset_password_token" ON "users" ("reset_password_token")[0m
  [1m[35mSQL (0.2ms)[0m  INSERT INTO "schema_migrations" ("version") VALUES (?)  [["version", "20150303193636"]]
  [1m[36m (1.1ms)[0m  [1mcommit transaction[0m
Migrating to AddAttributesToUsers (20150303193956)
  [1m[35m (0.0ms)[0m  begin transaction
  [1m[36m (0.4ms)[0m  [1mALTER TABLE "users" ADD "username" varchar(255)[0m
  [1m[35m (0.2ms)[0m  ALTER TABLE "users" ADD "newsletter" boolean
  [1m[36mSQL (0.1ms)[0m  [1mINSERT INTO "schema_migrations" ("version") VALUES (?)[0m  [["version", "20150303193956"]]
  [1m[35m (0.8ms)[0m  commit transaction
Migrating to CreateComments (20150303194148)
  [1m[36m (0.0ms)[0m  [1mbegin transaction[0m
  [1m[35m (0.3ms)[0m  CREATE TABLE "comments" ("id" INTEGER PRIMARY KEY AUTOINCREMENT NOT NULL, "user_id" varchar(255), "integer" varchar(255), "title" varchar(255), "body" text, "created_at" datetime, "updated_at" datetime) 
  [1m[36mSQL (0.1ms)[0m  [1mINSERT INTO "schema_migrations" ("version") VALUES (?)[0m  [["version", "20150303194148"]]
  [1m[35m (0.8ms)[0m  commit transaction
Migrating to CreateArticles (20150303194316)
  [1m[36m (0.0ms)[0m  [1mbegin transaction[0m
  [1m[35m (0.3ms)[0m  CREATE TABLE "articles" ("id" INTEGER PRIMARY KEY AUTOINCREMENT NOT NULL, "title" varchar(255), "body" text, "created_at" datetime, "updated_at" datetime) 
  [1m[36mSQL (0.1ms)[0m  [1mINSERT INTO "schema_migrations" ("version") VALUES (?)[0m  [["version", "20150303194316"]]
  [1m[35m (0.8ms)[0m  commit transaction
Migrating to AddAdminToUsers (20150303211237)
  [1m[36m (0.1ms)[0m  [1mbegin transaction[0m
  [1m[35m (0.4ms)[0m  ALTER TABLE "users" ADD "admin" boolean
  [1m[36mSQL (0.1ms)[0m  [1mINSERT INTO "schema_migrations" ("version") VALUES (?)[0m  [["version", "20150303211237"]]
  [1m[35m (0.8ms)[0m  commit transaction
Migrating to AddUserIdToArticles (20150303224111)
  [1m[36m (0.1ms)[0m  [1mbegin transaction[0m
  [1m[35m (0.3ms)[0m  ALTER TABLE "articles" ADD "user_id" integer
  [1m[36mSQL (0.1ms)[0m  [1mINSERT INTO "schema_migrations" ("version") VALUES (?)[0m  [["version", "20150303224111"]]
  [1m[35m (0.8ms)[0m  commit transaction
  [1m[36mActiveRecord::SchemaMigration Load (0.1ms)[0m  [1mSELECT "schema_migrations".* FROM "schema_migrations"[0m
  [1m[35m (0.1ms)[0m              SELECT sql
            FROM sqlite_master
            WHERE name='index_users_on_reset_password_token' AND type='index'
            UNION ALL
            SELECT sql
            FROM sqlite_temp_master
            WHERE name='index_users_on_reset_password_token' AND type='index'

  [1m[36m (0.1ms)[0m  [1m            SELECT sql
            FROM sqlite_master
            WHERE name='index_users_on_email' AND type='index'
            UNION ALL
            SELECT sql
            FROM sqlite_temp_master
            WHERE name='index_users_on_email' AND type='index'
[0m


Started GET "/" for 127.0.0.1 at 2015-04-08 13:25:51 -0400
  [1m[36mActiveRecord::SchemaMigration Load (0.1ms)[0m  [1mSELECT "schema_migrations".* FROM "schema_migrations"[0m
Processing by HomeController#index as HTML
  Rendered home/_initial.html.erb (4.4ms)
  Rendered home/_map.html.erb (4.6ms)
  Rendered home/_stats.html.erb (0.3ms)
  Rendered home/_articlelist.html.erb (0.6ms)
  Rendered home/_signup.html.erb (65.2ms)
  Rendered home/index.html.erb within layouts/application (82.3ms)
Completed 500 Internal Server Error in 637ms

LoadError (cannot load such file -- less
  (in /Users/christophercapasso/Desktop/SRC/HealthFinder/app/assets/stylesheets/bootstrap_and_overrides.css.less)):
  app/views/layouts/application.html.erb:5:in `_app_views_layouts_application_html_erb__4159022303187584783_70220359417400'


  Rendered /Users/christophercapasso/.rvm/gems/ruby-2.1.2/gems/actionpack-4.1.4/lib/action_dispatch/middleware/templates/rescues/_source.erb (0.6ms)
  Rendered /Users/christophercapasso/.rvm/gems/ruby-2.1.2/gems/actionpack-4.1.4/lib/action_dispatch/middleware/templates/rescues/_trace.html.erb (1.3ms)
  Rendered /Users/christophercapasso/.rvm/gems/ruby-2.1.2/gems/actionpack-4.1.4/lib/action_dispatch/middleware/templates/rescues/_request_and_response.html.erb (1.1ms)
  Rendered /Users/christophercapasso/.rvm/gems/ruby-2.1.2/gems/actionpack-4.1.4/lib/action_dispatch/middleware/templates/rescues/diagnostics.erb within rescues/layout (17.1ms)


Started GET "/" for 127.0.0.1 at 2015-04-08 13:26:56 -0400
  [1m[36mActiveRecord::SchemaMigration Load (0.2ms)[0m  [1mSELECT "schema_migrations".* FROM "schema_migrations"[0m
Processing by HomeController#index as HTML
  Rendered home/_initial.html.erb (4.1ms)
  Rendered home/_map.html.erb (5.1ms)
  Rendered home/_stats.html.erb (0.4ms)
  Rendered home/_articlelist.html.erb (0.5ms)
  Rendered home/_signup.html.erb (44.0ms)
  Rendered home/index.html.erb within layouts/application (60.3ms)
Completed 200 OK in 4465ms (Views: 4452.4ms | ActiveRecord: 0.0ms)


Started GET "/" for 127.0.0.1 at 2015-04-08 16:43:07 -0400
  [1m[36mActiveRecord::SchemaMigration Load (0.5ms)[0m  [1mSELECT "schema_migrations".* FROM "schema_migrations"[0m
Processing by HomeController#index as HTML
  Rendered home/_initial.html.erb (4.6ms)
  Rendered home/_map.html.erb (4.6ms)
  Rendered home/_stats.html.erb (0.3ms)
  Rendered home/_articlelist.html.erb (0.6ms)
  Rendered home/_signup.html.erb (71.9ms)
  Rendered home/index.html.erb within layouts/application (90.9ms)
Completed 200 OK in 1330ms (Views: 1313.2ms | ActiveRecord: 0.0ms)


Started GET "/" for 127.0.0.1 at 2015-04-08 16:43:08 -0400
Processing by HomeController#index as HTML
  Rendered home/_initial.html.erb (0.3ms)
  Rendered home/_map.html.erb (4.7ms)
  Rendered home/_stats.html.erb (0.0ms)
  Rendered home/_articlelist.html.erb (0.1ms)
  Rendered home/_signup.html.erb (2.0ms)
  Rendered home/index.html.erb within layouts/application (9.9ms)
Completed 200 OK in 247ms (Views: 244.3ms | ActiveRecord: 0.0ms)
